
**** Build of configuration Debug for project tirtos_builds_CC1350_LAUNCHXL_release_ccs ****

"C:\\ti\\ccs720\\ccsv7\\utils\\bin\\gmake" -k -j 4 all -O 
gmake[1]: Entering directory 'C:/Users/chris/Desktop/Proj/Commesh/software/latent-seagull/tirtos_builds_CC1350_LAUNCHXL_release_ccs/Debug'
'Building file: ../release.cfg'
'Invoking: XDCtools'
"C:/ti/ccs720/xdctools_3_50_02_20_core/xs" --xdcpath="C:/ti/simplelink_cc13x0_sdk_1_40_00_10/source;C:/ti/simplelink_cc13x0_sdk_1_40_00_10/kernel/tirtos/packages;C:/ti/ccs720/ccsv7/ccs_base;" xdc.tools.configuro -o configPkg -t ti.targets.arm.elf.M3 -p ti.platforms.simplelink:CC1350F128 -r release -c "C:/ti/ccs720/ccsv7/tools/compiler/ti-cgt-arm_16.9.3.LTS" --compileOptions " -DDeviceFamily_CC13X0 " "../release.cfg"
making package.mak (because of package.bld) ...
generating interfaces for package configPkg (because package/package.xdc.inc is older than package.xdc) ...
configuring release.xem3 from package/cfg/release_pem3.cfg ...
generating custom ROM library makefile ... 
Starting build of library sources ...
making C:/Users/chris/Desktop/Proj/Commesh/software/latent-seagull/tirtos_builds_CC1350_LAUNCHXL_release_ccs/src/sysbios/rom_sysbios.aem3 ...
gmake[1]: Entering directory `C:/Users/chris/Desktop/Proj/Commesh/software/latent-seagull/tirtos_builds_CC1350_LAUNCHXL_release_ccs/src/sysbios'
clem3 C:/ti/simplelink_cc13x0_sdk_1_40_00_10/kernel/tirtos/packages/ti/sysbios/BIOS.c ...
asmem3 C:/ti/simplelink_cc13x0_sdk_1_40_00_10/kernel/tirtos/packages/ti/sysbios/family/arm/m3/Hwi_asm.sv7M ...
asmem3 C:/ti/simplelink_cc13x0_sdk_1_40_00_10/kernel/tirtos/packages/ti/sysbios/family/arm/m3/Hwi_asm_switch.sv7M ...
asmem3 C:/ti/simplelink_cc13x0_sdk_1_40_00_10/kernel/tirtos/packages/ti/sysbios/family/arm/m3/IntrinsicsSupport_asm.sv7M ...
asmem3 C:/ti/simplelink_cc13x0_sdk_1_40_00_10/kernel/tirtos/packages/ti/sysbios/family/arm/m3/TaskSupport_asm.sv7M ...
arem3 rom_sysbios.obj m3_Hwi_asm.obj m3_Hwi_asm_switch.obj m3_IntrinsicsSupport_asm.obj m3_TaskSupport_asm.obj ...
gmake[1]: Leaving directory `C:/Users/chris/Desktop/Proj/Commesh/software/latent-seagull/tirtos_builds_CC1350_LAUNCHXL_release_ccs/src/sysbios'
Build of libraries done.
clem3 package/cfg/release_pem3.c ...
'Finished building: ../release.cfg'
' '
gmake[1]: Leaving directory 'C:/Users/chris/Desktop/Proj/Commesh/software/latent-seagull/tirtos_builds_CC1350_LAUNCHXL_release_ccs/Debug'
        1 file(s) copied.
making ../src/sysbios/rom_sysbios.aem3 ...
gmake[1]: Nothing to be done for 'all'.
gmake[1]: Nothing to be done for 'configPkg/linker.cmd'.
making ../src/sysbios/rom_sysbios.aem3 ...
gmake[2]: Nothing to be done for 'all'.

**** Build Finished ****

**** Build of configuration Debug for project I2C_Test_LaunchPad ****

"C:\\ti\\ccs720\\ccsv7\\utils\\bin\\gmake" -k -j 4 all -O 
'Building file: ../ccfg.c'
'Invoking: ARM Compiler'
"C:/ti/ccs720/ccsv7/tools/compiler/ti-cgt-arm_16.9.4.LTS/bin/armcl" -mv7M3 --code_state=16 --float_support=vfplib -me --include_path="C:/Users/chris/Desktop/Proj/Commesh/software/latent-seagull/I2C_Test_LaunchPad" --include_path="C:/ti/simplelink_cc13x0_sdk_1_40_00_10/kernel/tirtos/packages/ti/sysbios/posix" --include_path="C:/ti/ccs720/ccsv7/tools/compiler/ti-cgt-arm_16.9.4.LTS/include" --define=DeviceFamily_CC13X0 -g --diag_warning=225 --diag_warning=255 --diag_wrap=off --display_error_number --gen_func_subsections=on --preproc_with_compile --preproc_dependency="ccfg.d" --cmd_file="C:/Users/chris/Desktop/Proj/Commesh/software/latent-seagull/tirtos_builds_CC1350_LAUNCHXL_release_ccs/Debug/configPkg/compiler.opt" "../ccfg.c"
'Finished building: ../ccfg.c'
' '
'Building file: ../main_tirtos.c'
'Invoking: ARM Compiler'
"C:/ti/ccs720/ccsv7/tools/compiler/ti-cgt-arm_16.9.4.LTS/bin/armcl" -mv7M3 --code_state=16 --float_support=vfplib -me --include_path="C:/Users/chris/Desktop/Proj/Commesh/software/latent-seagull/I2C_Test_LaunchPad" --include_path="C:/ti/simplelink_cc13x0_sdk_1_40_00_10/kernel/tirtos/packages/ti/sysbios/posix" --include_path="C:/ti/ccs720/ccsv7/tools/compiler/ti-cgt-arm_16.9.4.LTS/include" --define=DeviceFamily_CC13X0 -g --diag_warning=225 --diag_warning=255 --diag_wrap=off --display_error_number --gen_func_subsections=on --preproc_with_compile --preproc_dependency="main_tirtos.d" --cmd_file="C:/Users/chris/Desktop/Proj/Commesh/software/latent-seagull/tirtos_builds_CC1350_LAUNCHXL_release_ccs/Debug/configPkg/compiler.opt" "../main_tirtos.c"
"../main_tirtos.c", line 82: warning #552-D: variable "rxValue" was set but never used
'Finished building: ../main_tirtos.c'
' '
'Building file: ../CC1350_LAUNCHXL.c'
'Invoking: ARM Compiler'
"C:/ti/ccs720/ccsv7/tools/compiler/ti-cgt-arm_16.9.4.LTS/bin/armcl" -mv7M3 --code_state=16 --float_support=vfplib -me --include_path="C:/Users/chris/Desktop/Proj/Commesh/software/latent-seagull/I2C_Test_LaunchPad" --include_path="C:/ti/simplelink_cc13x0_sdk_1_40_00_10/kernel/tirtos/packages/ti/sysbios/posix" --include_path="C:/ti/ccs720/ccsv7/tools/compiler/ti-cgt-arm_16.9.4.LTS/include" --define=DeviceFamily_CC13X0 -g --diag_warning=225 --diag_warning=255 --diag_wrap=off --display_error_number --gen_func_subsections=on --preproc_with_compile --preproc_dependency="CC1350_LAUNCHXL.d" --cmd_file="C:/Users/chris/Desktop/Proj/Commesh/software/latent-seagull/tirtos_builds_CC1350_LAUNCHXL_release_ccs/Debug/configPkg/compiler.opt" "../CC1350_LAUNCHXL.c"
'Finished building: ../CC1350_LAUNCHXL.c'
' '
'Building target: I2C_Test_LaunchPad.out'
'Invoking: ARM Linker'
"C:/ti/ccs720/ccsv7/tools/compiler/ti-cgt-arm_16.9.4.LTS/bin/armcl" -mv7M3 --code_state=16 --float_support=vfplib -me --define=DeviceFamily_CC13X0 -g --diag_warning=225 --diag_warning=255 --diag_wrap=off --display_error_number --gen_func_subsections=on -z -m"I2C_Test_LaunchPad.map" -i"C:/ti/ccs720/ccsv7/tools/compiler/ti-cgt-arm_16.9.4.LTS/lib" -i"C:/ti/ccs720/ccsv7/tools/compiler/ti-cgt-arm_16.9.4.LTS/include" --reread_libs --diag_wrap=off --display_error_number --warn_sections --xml_link_info="I2C_Test_LaunchPad_linkInfo.xml" --rom_model -o "I2C_Test_LaunchPad.out" "./CC1350_LAUNCHXL.obj" "./ccfg.obj" "./main_tirtos.obj" "../CC1350_LAUNCHXL_TIRTOS.cmd" -l"C:/Users/chris/Desktop/Proj/Commesh/software/latent-seagull/tirtos_builds_CC1350_LAUNCHXL_release_ccs/Debug/configPkg/linker.cmd" -l"C:/ti/simplelink_cc13x0_sdk_1_40_00_10/source/ti/display/lib/display.aem3" -l"C:/ti/simplelink_cc13x0_sdk_1_40_00_10/source/ti/mw/lcd/lib/lcd.aem3" -l"C:/ti/simplelink_cc13x0_sdk_1_40_00_10/source/ti/grlib/lib/grlib.aem3" -l"C:/ti/simplelink_cc13x0_sdk_1_40_00_10/source/ti/drivers/rf/lib/rf_multiMode_cc13x0.aem3" -l"C:/ti/simplelink_cc13x0_sdk_1_40_00_10/source/ti/drivers/lib/drivers_cc13x0.aem3" -l"C:/ti/simplelink_cc13x0_sdk_1_40_00_10/source/ti/drivers/pdm/lib/pdm_cc13x0.aem3" -l"C:/ti/simplelink_cc13x0_sdk_1_40_00_10/kernel/tirtos/packages/ti/dpl/lib/dpl_cc13x0.aem3" -l"C:/ti/simplelink_cc13x0_sdk_1_40_00_10/source/ti/devices/cc13x0/driverlib/bin/ccs/driverlib.lib" -llibc.a 
<Linking>
'Finished building target: I2C_Test_LaunchPad.out'
' '

**** Build Finished ****

**** Build of configuration Debug for project tirtos_builds_CC1350_LAUNCHXL_release_ccs ****

"C:\\ti\\ccs720\\ccsv7\\utils\\bin\\gmake" -k -j 4 all -O 
making ../src/sysbios/rom_sysbios.aem3 ...
gmake[1]: Nothing to be done for 'all'.
gmake[1]: Nothing to be done for 'configPkg/linker.cmd'.
making ../src/sysbios/rom_sysbios.aem3 ...
gmake[2]: Nothing to be done for 'all'.

**** Build Finished ****

**** Build of configuration Debug for project tirtos_builds_CC1350_LAUNCHXL_release_ccs ****

"C:\\ti\\ccs720\\ccsv7\\utils\\bin\\gmake" -k -j 4 all -O 
making ../src/sysbios/rom_sysbios.aem3 ...
gmake[1]: Nothing to be done for 'all'.
gmake[1]: Nothing to be done for 'configPkg/linker.cmd'.
making ../src/sysbios/rom_sysbios.aem3 ...
gmake[2]: Nothing to be done for 'all'.

**** Build Finished ****

**** Build of configuration Debug for project I2C_Test_LaunchPad ****

"C:\\ti\\ccs720\\ccsv7\\utils\\bin\\gmake" -k -j 4 all -O 
gmake[1]: 'I2C_Test_LaunchPad.out' is up to date.

**** Build Finished ****

**** Clean-only build of configuration Debug for project Alto_I2S ****

"C:\\ti\\ccs720\\ccsv7\\utils\\bin\\gmake" -k -j 4 clean -O 
DEL /F  "Alto_I2S.hex"  "Alto_I2S.out" 
DEL /F "CC1350_LAUNCHXL.obj" "ccfg.obj" "main_tirtos.obj" "I2C\SensorI2C.obj" "pdm\Codec1.obj" "pdm\PDMCC26XX.obj" "pdm\PDMCC26XX_util.obj" "rfsettings\smartrf_settings.obj" 
DEL /F "CC1350_LAUNCHXL.d" "ccfg.d" "main_tirtos.d" "I2C\SensorI2C.d" "pdm\Codec1.d" "pdm\PDMCC26XX.d" "pdm\PDMCC26XX_util.d" "rfsettings\smartrf_settings.d" 
Could Not Find C:\Users\chris\Desktop\Proj\Commesh\software\latent-seagull\Alto_I2S\Debug\Alto_I2S.hex
Could Not Find C:\Users\chris\Desktop\Proj\Commesh\software\latent-seagull\Alto_I2S\Debug\CC1350_LAUNCHXL.obj
Could Not Find C:\Users\chris\Desktop\Proj\Commesh\software\latent-seagull\Alto_I2S\Debug\I2C\SensorI2C.obj
Could Not Find C:\Users\chris\Desktop\Proj\Commesh\software\latent-seagull\Alto_I2S\Debug\pdm\Codec1.obj
Could Not Find C:\Users\chris\Desktop\Proj\Commesh\software\latent-seagull\Alto_I2S\Debug\rfsettings\smartrf_settings.obj
Could Not Find C:\Users\chris\Desktop\Proj\Commesh\software\latent-seagull\Alto_I2S\Debug\CC1350_LAUNCHXL.d
Could Not Find C:\Users\chris\Desktop\Proj\Commesh\software\latent-seagull\Alto_I2S\Debug\I2C\SensorI2C.d
Could Not Find C:\Users\chris\Desktop\Proj\Commesh\software\latent-seagull\Alto_I2S\Debug\pdm\Codec1.d
Could Not Find C:\Users\chris\Desktop\Proj\Commesh\software\latent-seagull\Alto_I2S\Debug\rfsettings\smartrf_settings.d
'Finished clean'
' '

**** Build Finished ****

**** Clean-only build of configuration Debug for project Alto_I2S ****

"C:\\ti\\ccs720\\ccsv7\\utils\\bin\\gmake" -k -j 4 clean -O 
DEL /F  "Alto_I2S.hex"  "Alto_I2S.out" 
DEL /F "CC1350_LAUNCHXL.obj" "ccfg.obj" "main_tirtos.obj" "I2C\SensorI2C.obj" "pdm\Codec1.obj" "pdm\PDMCC26XX.obj" "pdm\PDMCC26XX_util.obj" "rfsettings\smartrf_settings.obj" 
DEL /F "CC1350_LAUNCHXL.d" "ccfg.d" "main_tirtos.d" "I2C\SensorI2C.d" "pdm\Codec1.d" "pdm\PDMCC26XX.d" "pdm\PDMCC26XX_util.d" "rfsettings\smartrf_settings.d" 
Could Not Find C:\Users\chris\Desktop\Proj\Commesh\software\latent-seagull\Alto_I2S\Debug\Alto_I2S.hex
Could Not Find C:\Users\chris\Desktop\Proj\Commesh\software\latent-seagull\Alto_I2S\Debug\CC1350_LAUNCHXL.obj
Could Not Find C:\Users\chris\Desktop\Proj\Commesh\software\latent-seagull\Alto_I2S\Debug\I2C\SensorI2C.obj
Could Not Find C:\Users\chris\Desktop\Proj\Commesh\software\latent-seagull\Alto_I2S\Debug\pdm\Codec1.obj
Could Not Find C:\Users\chris\Desktop\Proj\Commesh\software\latent-seagull\Alto_I2S\Debug\rfsettings\smartrf_settings.obj
Could Not Find C:\Users\chris\Desktop\Proj\Commesh\software\latent-seagull\Alto_I2S\Debug\CC1350_LAUNCHXL.d
Could Not Find C:\Users\chris\Desktop\Proj\Commesh\software\latent-seagull\Alto_I2S\Debug\I2C\SensorI2C.d
Could Not Find C:\Users\chris\Desktop\Proj\Commesh\software\latent-seagull\Alto_I2S\Debug\pdm\Codec1.d
Could Not Find C:\Users\chris\Desktop\Proj\Commesh\software\latent-seagull\Alto_I2S\Debug\rfsettings\smartrf_settings.d
'Finished clean'
' '

**** Build Finished ****

**** Clean-only build of configuration Debug for project I2C_Test_LaunchPad ****

"C:\\ti\\ccs720\\ccsv7\\utils\\bin\\gmake" -k -j 4 clean -O 
DEL /F  "I2C_Test_LaunchPad.hex"  "I2C_Test_LaunchPad.out" 
DEL /F "CC1350_LAUNCHXL.obj" "ccfg.obj" "main_tirtos.obj" 
DEL /F "CC1350_LAUNCHXL.d" "ccfg.d" "main_tirtos.d" 
'Finished clean'
' '

**** Build Finished ****

**** Clean-only build of configuration Debug for project I2C_Test_LaunchPad ****

"C:\\ti\\ccs720\\ccsv7\\utils\\bin\\gmake" -k -j 4 clean -O 
DEL /F  "I2C_Test_LaunchPad.hex"  "I2C_Test_LaunchPad.out" 
DEL /F "CC1350_LAUNCHXL.obj" "ccfg.obj" "main_tirtos.obj" 
DEL /F "CC1350_LAUNCHXL.d" "ccfg.d" "main_tirtos.d" 
Could Not Find C:\Users\chris\Desktop\Proj\Commesh\software\latent-seagull\I2C_Test_LaunchPad\Debug\I2C_Test_LaunchPad.hex
Could Not Find C:\Users\chris\Desktop\Proj\Commesh\software\latent-seagull\I2C_Test_LaunchPad\Debug\CC1350_LAUNCHXL.obj
Could Not Find C:\Users\chris\Desktop\Proj\Commesh\software\latent-seagull\I2C_Test_LaunchPad\Debug\CC1350_LAUNCHXL.d
'Finished clean'
' '

**** Build Finished ****

**** Clean-only build of configuration Debug for project I2C_Test_SensorTag ****

"C:\\ti\\ccs720\\ccsv7\\utils\\bin\\gmake" -k -j 4 clean -O 
DEL /F  "I2C_Test_SensorTag.hex"  "I2C_Test_SensorTag.out" 
DEL /F "CC1350STK.obj" "ccfg.obj" "main_tirtos.obj" 
DEL /F "CC1350STK.d" "ccfg.d" "main_tirtos.d" 
Could Not Find C:\Users\chris\Desktop\Proj\Commesh\software\latent-seagull\I2C_Test_SensorTag\Debug\I2C_Test_SensorTag.hex
Could Not Find C:\Users\chris\Desktop\Proj\Commesh\software\latent-seagull\I2C_Test_SensorTag\Debug\CC1350STK.obj
Could Not Find C:\Users\chris\Desktop\Proj\Commesh\software\latent-seagull\I2C_Test_SensorTag\Debug\CC1350STK.d
'Finished clean'
' '

**** Build Finished ****

**** Clean-only build of configuration Debug for project I2C_Test_SensorTag ****

"C:\\ti\\ccs720\\ccsv7\\utils\\bin\\gmake" -k -j 4 clean -O 
DEL /F  "I2C_Test_SensorTag.hex"  "I2C_Test_SensorTag.out" 
DEL /F "CC1350STK.obj" "ccfg.obj" "main_tirtos.obj" 
DEL /F "CC1350STK.d" "ccfg.d" "main_tirtos.d" 
Could Not Find C:\Users\chris\Desktop\Proj\Commesh\software\latent-seagull\I2C_Test_SensorTag\Debug\I2C_Test_SensorTag.hex
Could Not Find C:\Users\chris\Desktop\Proj\Commesh\software\latent-seagull\I2C_Test_SensorTag\Debug\CC1350STK.obj
Could Not Find C:\Users\chris\Desktop\Proj\Commesh\software\latent-seagull\I2C_Test_SensorTag\Debug\CC1350STK.d
'Finished clean'
' '

**** Build Finished ****

**** Clean-only build of configuration Debug for project i2ctmp007_CC1350STK_tirtos_ccs ****

"C:\\ti\\ccs720\\ccsv7\\utils\\bin\\gmake" -k -j 4 clean -O 
DEL /F  "i2ctmp007_CC1350STK_tirtos_ccs.hex"  "i2ctmp007_CC1350STK_tirtos_ccs.out" 
DEL /F "CC1350STK.obj" "ccfg.obj" "i2ctmp007.obj" "main_tirtos.obj" 
DEL /F "CC1350STK.d" "ccfg.d" "i2ctmp007.d" "main_tirtos.d" 
Could Not Find C:\Users\chris\Desktop\Proj\Commesh\software\latent-seagull\i2ctmp007_CC1350STK_tirtos_ccs\Debug\i2ctmp007_CC1350STK_tirtos_ccs.hex
Could Not Find C:\Users\chris\Desktop\Proj\Commesh\software\latent-seagull\i2ctmp007_CC1350STK_tirtos_ccs\Debug\CC1350STK.obj
Could Not Find C:\Users\chris\Desktop\Proj\Commesh\software\latent-seagull\i2ctmp007_CC1350STK_tirtos_ccs\Debug\CC1350STK.d
'Finished clean'
' '

**** Build Finished ****

**** Clean-only build of configuration Debug for project i2ctmp007_CC1350STK_tirtos_ccs ****

"C:\\ti\\ccs720\\ccsv7\\utils\\bin\\gmake" -k -j 4 clean -O 
DEL /F  "i2ctmp007_CC1350STK_tirtos_ccs.hex"  "i2ctmp007_CC1350STK_tirtos_ccs.out" 
DEL /F "CC1350STK.obj" "ccfg.obj" "i2ctmp007.obj" "main_tirtos.obj" 
DEL /F "CC1350STK.d" "ccfg.d" "i2ctmp007.d" "main_tirtos.d" 
Could Not Find C:\Users\chris\Desktop\Proj\Commesh\software\latent-seagull\i2ctmp007_CC1350STK_tirtos_ccs\Debug\i2ctmp007_CC1350STK_tirtos_ccs.hex
Could Not Find C:\Users\chris\Desktop\Proj\Commesh\software\latent-seagull\i2ctmp007_CC1350STK_tirtos_ccs\Debug\CC1350STK.obj
Could Not Find C:\Users\chris\Desktop\Proj\Commesh\software\latent-seagull\i2ctmp007_CC1350STK_tirtos_ccs\Debug\CC1350STK.d
'Finished clean'
' '

**** Build Finished ****

**** Clean-only build of configuration Debug for project i2ctmp007_CC1350_LAUNCHXL_tirtos_ccs ****

"C:\\ti\\ccs720\\ccsv7\\utils\\bin\\gmake" -k -j 4 clean -O 
DEL /F  "i2ctmp007_CC1350_LAUNCHXL_tirtos_ccs.hex"  "i2ctmp007_CC1350_LAUNCHXL_tirtos_ccs.out" 
DEL /F "CC1350_LAUNCHXL.obj" "ccfg.obj" "i2ctmp007.obj" "main_tirtos.obj" "I2C\SensorI2C.obj" 
DEL /F "CC1350_LAUNCHXL.d" "ccfg.d" "i2ctmp007.d" "main_tirtos.d" "I2C\SensorI2C.d" 
Could Not Find C:\Users\chris\Desktop\Proj\Commesh\software\latent-seagull\i2ctmp007_CC1350_LAUNCHXL_tirtos_ccs\Debug\i2ctmp007_CC1350_LAUNCHXL_tirtos_ccs.hex
Could Not Find C:\Users\chris\Desktop\Proj\Commesh\software\latent-seagull\i2ctmp007_CC1350_LAUNCHXL_tirtos_ccs\Debug\CC1350_LAUNCHXL.obj
Could Not Find C:\Users\chris\Desktop\Proj\Commesh\software\latent-seagull\i2ctmp007_CC1350_LAUNCHXL_tirtos_ccs\Debug\I2C\SensorI2C.obj
Could Not Find C:\Users\chris\Desktop\Proj\Commesh\software\latent-seagull\i2ctmp007_CC1350_LAUNCHXL_tirtos_ccs\Debug\CC1350_LAUNCHXL.d
Could Not Find C:\Users\chris\Desktop\Proj\Commesh\software\latent-seagull\i2ctmp007_CC1350_LAUNCHXL_tirtos_ccs\Debug\I2C\SensorI2C.d
'Finished clean'
' '

**** Build Finished ****

**** Clean-only build of configuration Debug for project i2ctmp007_CC1350_LAUNCHXL_tirtos_ccs ****

"C:\\ti\\ccs720\\ccsv7\\utils\\bin\\gmake" -k -j 4 clean -O 
DEL /F  "i2ctmp007_CC1350_LAUNCHXL_tirtos_ccs.hex"  "i2ctmp007_CC1350_LAUNCHXL_tirtos_ccs.out" 
DEL /F "CC1350_LAUNCHXL.obj" "ccfg.obj" "i2ctmp007.obj" "main_tirtos.obj" "I2C\SensorI2C.obj" 
DEL /F "CC1350_LAUNCHXL.d" "ccfg.d" "i2ctmp007.d" "main_tirtos.d" "I2C\SensorI2C.d" 
Could Not Find C:\Users\chris\Desktop\Proj\Commesh\software\latent-seagull\i2ctmp007_CC1350_LAUNCHXL_tirtos_ccs\Debug\i2ctmp007_CC1350_LAUNCHXL_tirtos_ccs.hex
Could Not Find C:\Users\chris\Desktop\Proj\Commesh\software\latent-seagull\i2ctmp007_CC1350_LAUNCHXL_tirtos_ccs\Debug\CC1350_LAUNCHXL.obj
Could Not Find C:\Users\chris\Desktop\Proj\Commesh\software\latent-seagull\i2ctmp007_CC1350_LAUNCHXL_tirtos_ccs\Debug\I2C\SensorI2C.obj
Could Not Find C:\Users\chris\Desktop\Proj\Commesh\software\latent-seagull\i2ctmp007_CC1350_LAUNCHXL_tirtos_ccs\Debug\CC1350_LAUNCHXL.d
Could Not Find C:\Users\chris\Desktop\Proj\Commesh\software\latent-seagull\i2ctmp007_CC1350_LAUNCHXL_tirtos_ccs\Debug\I2C\SensorI2C.d
'Finished clean'
' '

**** Build Finished ****

**** Clean-only build of configuration Debug for project pdmUART ****

"C:\\ti\\ccs720\\ccsv7\\utils\\bin\\gmake" -k -j 4 clean -O 
DEL /F  "pdmUART.hex"  "pdmUART.out" 
DEL /F "CC1350STK.obj" "ccfg.obj" "pdmUART.obj" "rfsettings\smartrf_settings.obj" 
DEL /F "CC1350STK.d" "ccfg.d" "pdmUART.d" "rfsettings\smartrf_settings.d" 
Could Not Find C:\Users\chris\Desktop\Proj\Commesh\software\latent-seagull\pdmUART\Debug\pdmUART.hex
Could Not Find C:\Users\chris\Desktop\Proj\Commesh\software\latent-seagull\pdmUART\Debug\CC1350STK.obj
Could Not Find C:\Users\chris\Desktop\Proj\Commesh\software\latent-seagull\pdmUART\Debug\rfsettings\smartrf_settings.obj
Could Not Find C:\Users\chris\Desktop\Proj\Commesh\software\latent-seagull\pdmUART\Debug\CC1350STK.d
Could Not Find C:\Users\chris\Desktop\Proj\Commesh\software\latent-seagull\pdmUART\Debug\rfsettings\smartrf_settings.d
'Finished clean'
' '

**** Build Finished ****

**** Clean-only build of configuration Debug for project pdmUART ****

"C:\\ti\\ccs720\\ccsv7\\utils\\bin\\gmake" -k -j 4 clean -O 
DEL /F  "pdmUART.hex"  "pdmUART.out" 
DEL /F "CC1350STK.obj" "ccfg.obj" "pdmUART.obj" "rfsettings\smartrf_settings.obj" 
DEL /F "CC1350STK.d" "ccfg.d" "pdmUART.d" "rfsettings\smartrf_settings.d" 
Could Not Find C:\Users\chris\Desktop\Proj\Commesh\software\latent-seagull\pdmUART\Debug\pdmUART.hex
Could Not Find C:\Users\chris\Desktop\Proj\Commesh\software\latent-seagull\pdmUART\Debug\CC1350STK.obj
Could Not Find C:\Users\chris\Desktop\Proj\Commesh\software\latent-seagull\pdmUART\Debug\rfsettings\smartrf_settings.obj
Could Not Find C:\Users\chris\Desktop\Proj\Commesh\software\latent-seagull\pdmUART\Debug\CC1350STK.d
Could Not Find C:\Users\chris\Desktop\Proj\Commesh\software\latent-seagull\pdmUART\Debug\rfsettings\smartrf_settings.d
'Finished clean'
' '

**** Build Finished ****

**** Clean-only build of configuration Debug for project rfPacketRxUART_CC1350_LAUNCHXL_tirtos_ccs ****

"C:\\ti\\ccs720\\ccsv7\\utils\\bin\\gmake" -k -j 4 clean -O 
DEL /F  "rfPacketRxUART_CC1350_LAUNCHXL_tirtos_ccs.hex"  "rfPacketRxUART_CC1350_LAUNCHXL_tirtos_ccs.out" 
DEL /F "CC1350_LAUNCHXL.obj" "RFQueue.obj" "ccfg.obj" "rfPacketRx.obj" "smartrf_settings\smartrf_settings.obj" 
DEL /F "CC1350_LAUNCHXL.d" "RFQueue.d" "ccfg.d" "rfPacketRx.d" "smartrf_settings\smartrf_settings.d" 
Could Not Find C:\Users\chris\Desktop\Proj\Commesh\software\latent-seagull\rfPacketRxUART_CC1350_LAUNCHXL_tirtos_ccs\Debug\rfPacketRxUART_CC1350_LAUNCHXL_tirtos_ccs.hex
Could Not Find C:\Users\chris\Desktop\Proj\Commesh\software\latent-seagull\rfPacketRxUART_CC1350_LAUNCHXL_tirtos_ccs\Debug\CC1350_LAUNCHXL.obj
Could Not Find C:\Users\chris\Desktop\Proj\Commesh\software\latent-seagull\rfPacketRxUART_CC1350_LAUNCHXL_tirtos_ccs\Debug\smartrf_settings\smartrf_settings.obj
Could Not Find C:\Users\chris\Desktop\Proj\Commesh\software\latent-seagull\rfPacketRxUART_CC1350_LAUNCHXL_tirtos_ccs\Debug\CC1350_LAUNCHXL.d
Could Not Find C:\Users\chris\Desktop\Proj\Commesh\software\latent-seagull\rfPacketRxUART_CC1350_LAUNCHXL_tirtos_ccs\Debug\smartrf_settings\smartrf_settings.d
'Finished clean'
' '

**** Build Finished ****

**** Clean-only build of configuration Debug for project rfPacketRxUART_CC1350_LAUNCHXL_tirtos_ccs ****

"C:\\ti\\ccs720\\ccsv7\\utils\\bin\\gmake" -k -j 4 clean -O 
DEL /F  "rfPacketRxUART_CC1350_LAUNCHXL_tirtos_ccs.hex"  "rfPacketRxUART_CC1350_LAUNCHXL_tirtos_ccs.out" 
DEL /F "CC1350_LAUNCHXL.obj" "RFQueue.obj" "ccfg.obj" "rfPacketRx.obj" "smartrf_settings\smartrf_settings.obj" 
DEL /F "CC1350_LAUNCHXL.d" "RFQueue.d" "ccfg.d" "rfPacketRx.d" "smartrf_settings\smartrf_settings.d" 
Could Not Find C:\Users\chris\Desktop\Proj\Commesh\software\latent-seagull\rfPacketRxUART_CC1350_LAUNCHXL_tirtos_ccs\Debug\rfPacketRxUART_CC1350_LAUNCHXL_tirtos_ccs.hex
Could Not Find C:\Users\chris\Desktop\Proj\Commesh\software\latent-seagull\rfPacketRxUART_CC1350_LAUNCHXL_tirtos_ccs\Debug\CC1350_LAUNCHXL.obj
Could Not Find C:\Users\chris\Desktop\Proj\Commesh\software\latent-seagull\rfPacketRxUART_CC1350_LAUNCHXL_tirtos_ccs\Debug\smartrf_settings\smartrf_settings.obj
Could Not Find C:\Users\chris\Desktop\Proj\Commesh\software\latent-seagull\rfPacketRxUART_CC1350_LAUNCHXL_tirtos_ccs\Debug\CC1350_LAUNCHXL.d
Could Not Find C:\Users\chris\Desktop\Proj\Commesh\software\latent-seagull\rfPacketRxUART_CC1350_LAUNCHXL_tirtos_ccs\Debug\smartrf_settings\smartrf_settings.d
'Finished clean'
' '

**** Build Finished ****

**** Clean-only build of configuration Debug for project tdmaBTS_LPD ****

"C:\\ti\\ccs720\\ccsv7\\utils\\bin\\gmake" -k -j 4 clean -O 
DEL /F  "tdmaBTS_LPD.hex"  "tdmaBTS_LPD.out" 
DEL /F "CC1350_LAUNCHXL.obj" "StateMachine.obj" "ccfg.obj" "tdmaBTS.obj" "smartrf_settings\smartrf_settings.obj" 
DEL /F "CC1350_LAUNCHXL.d" "StateMachine.d" "ccfg.d" "tdmaBTS.d" "smartrf_settings\smartrf_settings.d" 
Could Not Find C:\Users\chris\Desktop\Proj\Commesh\software\latent-seagull\tdmaBTS_LPD\Debug\tdmaBTS_LPD.hex
Could Not Find C:\Users\chris\Desktop\Proj\Commesh\software\latent-seagull\tdmaBTS_LPD\Debug\CC1350_LAUNCHXL.obj
Could Not Find C:\Users\chris\Desktop\Proj\Commesh\software\latent-seagull\tdmaBTS_LPD\Debug\smartrf_settings\smartrf_settings.obj
Could Not Find C:\Users\chris\Desktop\Proj\Commesh\software\latent-seagull\tdmaBTS_LPD\Debug\CC1350_LAUNCHXL.d
Could Not Find C:\Users\chris\Desktop\Proj\Commesh\software\latent-seagull\tdmaBTS_LPD\Debug\smartrf_settings\smartrf_settings.d
'Finished clean'
' '

**** Build Finished ****

**** Clean-only build of configuration Debug for project tdmaBTS_LPD ****

"C:\\ti\\ccs720\\ccsv7\\utils\\bin\\gmake" -k -j 4 clean -O 
DEL /F  "tdmaBTS_LPD.hex"  "tdmaBTS_LPD.out" 
DEL /F "CC1350_LAUNCHXL.obj" "StateMachine.obj" "ccfg.obj" "tdmaBTS.obj" "smartrf_settings\smartrf_settings.obj" 
DEL /F "CC1350_LAUNCHXL.d" "StateMachine.d" "ccfg.d" "tdmaBTS.d" "smartrf_settings\smartrf_settings.d" 
Could Not Find C:\Users\chris\Desktop\Proj\Commesh\software\latent-seagull\tdmaBTS_LPD\Debug\tdmaBTS_LPD.hex
Could Not Find C:\Users\chris\Desktop\Proj\Commesh\software\latent-seagull\tdmaBTS_LPD\Debug\CC1350_LAUNCHXL.obj
Could Not Find C:\Users\chris\Desktop\Proj\Commesh\software\latent-seagull\tdmaBTS_LPD\Debug\smartrf_settings\smartrf_settings.obj
Could Not Find C:\Users\chris\Desktop\Proj\Commesh\software\latent-seagull\tdmaBTS_LPD\Debug\CC1350_LAUNCHXL.d
Could Not Find C:\Users\chris\Desktop\Proj\Commesh\software\latent-seagull\tdmaBTS_LPD\Debug\smartrf_settings\smartrf_settings.d
'Finished clean'
' '

**** Build Finished ****

**** Clean-only build of configuration Debug for project tdmaStation_LPD ****

"C:\\ti\\ccs720\\ccsv7\\utils\\bin\\gmake" -k -j 4 clean -O 
DEL /F  "tdmaStation_LPD.hex"  "tdmaStation_LPD.out" 
DEL /F "CC1350_LAUNCHXL.obj" "StateMachine.obj" "ccfg.obj" "smartrf_settings.obj" "tdmaStation.obj" 
DEL /F "CC1350_LAUNCHXL.d" "StateMachine.d" "ccfg.d" "smartrf_settings.d" "tdmaStation.d" 
Could Not Find C:\Users\chris\Desktop\Proj\Commesh\software\latent-seagull\tdmaStation_LPD\Debug\tdmaStation_LPD.hex
Could Not Find C:\Users\chris\Desktop\Proj\Commesh\software\latent-seagull\tdmaStation_LPD\Debug\CC1350_LAUNCHXL.obj
Could Not Find C:\Users\chris\Desktop\Proj\Commesh\software\latent-seagull\tdmaStation_LPD\Debug\CC1350_LAUNCHXL.d
'Finished clean'
' '

**** Build Finished ****

**** Clean-only build of configuration Debug for project tdmaStation_LPD ****

"C:\\ti\\ccs720\\ccsv7\\utils\\bin\\gmake" -k -j 4 clean -O 
DEL /F  "tdmaStation_LPD.hex"  "tdmaStation_LPD.out" 
DEL /F "CC1350_LAUNCHXL.obj" "StateMachine.obj" "ccfg.obj" "smartrf_settings.obj" "tdmaStation.obj" 
DEL /F "CC1350_LAUNCHXL.d" "StateMachine.d" "ccfg.d" "smartrf_settings.d" "tdmaStation.d" 
Could Not Find C:\Users\chris\Desktop\Proj\Commesh\software\latent-seagull\tdmaStation_LPD\Debug\tdmaStation_LPD.hex
Could Not Find C:\Users\chris\Desktop\Proj\Commesh\software\latent-seagull\tdmaStation_LPD\Debug\CC1350_LAUNCHXL.obj
Could Not Find C:\Users\chris\Desktop\Proj\Commesh\software\latent-seagull\tdmaStation_LPD\Debug\CC1350_LAUNCHXL.d
'Finished clean'
' '

**** Build Finished ****

**** Clean-only build of configuration Debug for project tdmaStation_STK ****

"C:\\ti\\ccs720\\ccsv7\\utils\\bin\\gmake" -k -j 4 clean -O 
DEL /F  "tdmaStation_STK.hex"  "tdmaStation_STK.out" 
DEL /F "CC1350STK.obj" "StateMachine.obj" "ccfg.obj" "tdmaStation.obj" "smartrf_settings\smartrf_settings.obj" 
DEL /F "CC1350STK.d" "StateMachine.d" "ccfg.d" "tdmaStation.d" "smartrf_settings\smartrf_settings.d" 
Could Not Find C:\Users\chris\Desktop\Proj\Commesh\software\latent-seagull\tdmaStation_STK\Debug\tdmaStation_STK.hex
Could Not Find C:\Users\chris\Desktop\Proj\Commesh\software\latent-seagull\tdmaStation_STK\Debug\CC1350STK.obj
Could Not Find C:\Users\chris\Desktop\Proj\Commesh\software\latent-seagull\tdmaStation_STK\Debug\smartrf_settings\smartrf_settings.obj
Could Not Find C:\Users\chris\Desktop\Proj\Commesh\software\latent-seagull\tdmaStation_STK\Debug\CC1350STK.d
Could Not Find C:\Users\chris\Desktop\Proj\Commesh\software\latent-seagull\tdmaStation_STK\Debug\smartrf_settings\smartrf_settings.d
'Finished clean'
' '

**** Build Finished ****

**** Clean-only build of configuration Debug for project tdmaStation_STK ****

"C:\\ti\\ccs720\\ccsv7\\utils\\bin\\gmake" -k -j 4 clean -O 
DEL /F  "tdmaStation_STK.hex"  "tdmaStation_STK.out" 
DEL /F "CC1350STK.obj" "StateMachine.obj" "ccfg.obj" "tdmaStation.obj" "smartrf_settings\smartrf_settings.obj" 
DEL /F "CC1350STK.d" "StateMachine.d" "ccfg.d" "tdmaStation.d" "smartrf_settings\smartrf_settings.d" 
Could Not Find C:\Users\chris\Desktop\Proj\Commesh\software\latent-seagull\tdmaStation_STK\Debug\tdmaStation_STK.hex
Could Not Find C:\Users\chris\Desktop\Proj\Commesh\software\latent-seagull\tdmaStation_STK\Debug\CC1350STK.obj
Could Not Find C:\Users\chris\Desktop\Proj\Commesh\software\latent-seagull\tdmaStation_STK\Debug\smartrf_settings\smartrf_settings.obj
Could Not Find C:\Users\chris\Desktop\Proj\Commesh\software\latent-seagull\tdmaStation_STK\Debug\CC1350STK.d
Could Not Find C:\Users\chris\Desktop\Proj\Commesh\software\latent-seagull\tdmaStation_STK\Debug\smartrf_settings\smartrf_settings.d
'Finished clean'
' '

**** Build Finished ****

**** Clean-only build of configuration Debug for project tirtos_builds_CC1350STK_release_ccs ****

"C:\\ti\\ccs720\\ccsv7\\utils\\bin\\gmake" -k -j 4 clean -O 
DEL /F  "tirtos_builds_CC1350STK_release_ccs.lib"  "../src/makefile.libs" "configPkg\linker.cmd" "configPkg\compiler.opt" 
makefile:145: recipe for target 'clean' failed
The system cannot find the file specified.
gmake: [clean] Error 1 (ignored)
The system cannot find the file specified.
gmake: [clean] Error 2 (ignored)
RMDIR /S/Q  "configPkg\" 
makefile:145: recipe for target 'clean' failed
'Finished clean'
' '

**** Build Finished ****

**** Clean-only build of configuration Debug for project tirtos_builds_CC1350STK_release_ccs ****

"C:\\ti\\ccs720\\ccsv7\\utils\\bin\\gmake" -k -j 4 clean -O 
DEL /F  "tirtos_builds_CC1350STK_release_ccs.lib"  "../src/makefile.libs" "configPkg\linker.cmd" "configPkg\compiler.opt" 
makefile:145: recipe for target 'clean' failed
The system cannot find the file specified.
gmake: [clean] Error 1 (ignored)
The system cannot find the file specified.
gmake: [clean] Error 2 (ignored)
RMDIR /S/Q  "configPkg\" 
makefile:145: recipe for target 'clean' failed
'Finished clean'
' '

**** Build Finished ****

**** Clean-only build of configuration Debug for project tirtos_builds_CC1350_LAUNCHXL_release_ccs ****

"C:\\ti\\ccs720\\ccsv7\\utils\\bin\\gmake" -k -j 4 clean -O 
cleaning ../src/sysbios ...
DEL /F  "tirtos_builds_CC1350_LAUNCHXL_release_ccs.lib"  "../src/makefile.libs" "configPkg\linker.cmd" "configPkg\compiler.opt" 
RMDIR /S/Q  "configPkg\" 
Could Not Find C:\Users\chris\Desktop\Proj\Commesh\software\latent-seagull\tirtos_builds_CC1350_LAUNCHXL_release_ccs\Debug\tirtos_builds_CC1350_LAUNCHXL_release_ccs.lib
Could Not Find C:\Users\chris\Desktop\Proj\Commesh\software\latent-seagull\tirtos_builds_CC1350_LAUNCHXL_release_ccs\src\../src/makefile.libs
'Finished clean'
' '

**** Build Finished ****

**** Clean-only build of configuration Debug for project tirtos_builds_CC1350_LAUNCHXL_release_ccs ****

"C:\\ti\\ccs720\\ccsv7\\utils\\bin\\gmake" -k -j 4 clean -O 
DEL /F  "tirtos_builds_CC1350_LAUNCHXL_release_ccs.lib"  "../src/makefile.libs" "configPkg\linker.cmd" "configPkg\compiler.opt" 
makefile:145: recipe for target 'clean' failed
The system cannot find the file specified.
gmake: [clean] Error 1 (ignored)
The system cannot find the file specified.
gmake: [clean] Error 2 (ignored)
RMDIR /S/Q  "configPkg\" 
makefile:145: recipe for target 'clean' failed
'Finished clean'
' '

**** Build Finished ****
