
**** Build of configuration Debug for project tirtos_builds_CC1350_LAUNCHXL_release_gcc ****

"C:\\ti\\ccs720\\ccsv7\\utils\\bin\\gmake" -k -j 4 all -O 
gmake[1]: Entering directory 'C:/Users/chris/Desktop/Proj/Commesh/software/latent-seagull/tirtos_builds_CC1350_LAUNCHXL_release_gcc/Debug'
'Building file: ../release.cfg'
'Invoking: XDCtools'
"C:/ti/ccs720/xdctools_3_50_02_20_core/xs" --xdcpath="C:/ti/simplelink_cc13x0_sdk_1_40_00_10/source;C:/ti/simplelink_cc13x0_sdk_1_40_00_10/kernel/tirtos/packages;C:/ti/ccs720/ccsv7/ccs_base;" xdc.tools.configuro -o configPkg -t gnu.targets.arm.M3 -p ti.platforms.simplelink:CC1350F128 -r release -c "C:/ti/ccs720/ccsv7/tools/compiler/gcc-arm-none-eabi-6-2017-q1-update" --compileOptions " -DDeviceFamily_CC13X0 " "../release.cfg"
making package.mak (because of package.bld) ...
generating interfaces for package configPkg (because package/package.xdc.inc is older than package.xdc) ...
configuring release.xm3g from package/cfg/release_pm3g.cfg ...
generating custom ROM library makefile ... 
Starting build of library sources ...
making C:/Users/chris/Desktop/Proj/Commesh/software/latent-seagull/tirtos_builds_CC1350_LAUNCHXL_release_gcc/src/sysbios/rom_sysbios.am3g ...
gmake[1]: Entering directory `C:/Users/chris/Desktop/Proj/Commesh/software/latent-seagull/tirtos_builds_CC1350_LAUNCHXL_release_gcc/src/sysbios'
asmm3g C:/ti/simplelink_cc13x0_sdk_1_40_00_10/kernel/tirtos/packages/ti/sysbios/family/arm/m3/Hwi_asm_gnu.sv7M ...
asmm3g C:/ti/simplelink_cc13x0_sdk_1_40_00_10/kernel/tirtos/packages/ti/sysbios/family/arm/m3/Hwi_asm_switch_gnu.sv7M ...
asmm3g C:/ti/simplelink_cc13x0_sdk_1_40_00_10/kernel/tirtos/packages/ti/sysbios/family/arm/m3/IntrinsicsSupport_asm_gnu.sv7M ...
asmm3g C:/ti/simplelink_cc13x0_sdk_1_40_00_10/kernel/tirtos/packages/ti/sysbios/family/arm/m3/TaskSupport_asm_gnu.sv7M ...
clm3g C:/ti/simplelink_cc13x0_sdk_1_40_00_10/kernel/tirtos/packages/ti/sysbios/BIOS.c ...
clm3g C:/ti/simplelink_cc13x0_sdk_1_40_00_10/kernel/tirtos/packages/ti/sysbios/knl/Clock.c ...
clm3g C:/Users/chris/Desktop/Proj/Commesh/software/latent-seagull/tirtos_builds_CC1350_LAUNCHXL_release_gcc/Debug/configPkg/package/cfg/release_pm3g_ti_sysbios_knl_Clock_config.c ...
clm3g C:/ti/simplelink_cc13x0_sdk_1_40_00_10/kernel/tirtos/packages/ti/sysbios/knl/Idle.c ...
clm3g C:/ti/simplelink_cc13x0_sdk_1_40_00_10/kernel/tirtos/packages/ti/sysbios/knl/Intrinsics.c ...
clm3g C:/ti/simplelink_cc13x0_sdk_1_40_00_10/kernel/tirtos/packages/ti/sysbios/knl/Event.c ...
clm3g C:/ti/simplelink_cc13x0_sdk_1_40_00_10/kernel/tirtos/packages/ti/sysbios/knl/Mailbox.c ...
clm3g C:/Users/chris/Desktop/Proj/Commesh/software/latent-seagull/tirtos_builds_CC1350_LAUNCHXL_release_gcc/Debug/configPkg/package/cfg/release_pm3g_ti_sysbios_knl_Mailbox_config.c ...
clm3g C:/ti/simplelink_cc13x0_sdk_1_40_00_10/kernel/tirtos/packages/ti/sysbios/knl/Queue.c ...
clm3g C:/Users/chris/Desktop/Proj/Commesh/software/latent-seagull/tirtos_builds_CC1350_LAUNCHXL_release_gcc/Debug/configPkg/package/cfg/release_pm3g_ti_sysbios_knl_Queue_config.c ...
clm3g C:/ti/simplelink_cc13x0_sdk_1_40_00_10/kernel/tirtos/packages/ti/sysbios/knl/Semaphore.c ...
clm3g C:/Users/chris/Desktop/Proj/Commesh/software/latent-seagull/tirtos_builds_CC1350_LAUNCHXL_release_gcc/Debug/configPkg/package/cfg/release_pm3g_ti_sysbios_knl_Semaphore_config.c ...
clm3g C:/ti/simplelink_cc13x0_sdk_1_40_00_10/kernel/tirtos/packages/ti/sysbios/knl/Swi.c ...
clm3g C:/Users/chris/Desktop/Proj/Commesh/software/latent-seagull/tirtos_builds_CC1350_LAUNCHXL_release_gcc/Debug/configPkg/package/cfg/release_pm3g_ti_sysbios_knl_Swi_config.c ...
clm3g C:/ti/simplelink_cc13x0_sdk_1_40_00_10/kernel/tirtos/packages/ti/sysbios/knl/Task.c ...
clm3g C:/Users/chris/Desktop/Proj/Commesh/software/latent-seagull/tirtos_builds_CC1350_LAUNCHXL_release_gcc/Debug/configPkg/package/cfg/release_pm3g_ti_sysbios_knl_Task_config.c ...
clm3g C:/Users/chris/Desktop/Proj/Commesh/software/latent-seagull/tirtos_builds_CC1350_LAUNCHXL_release_gcc/Debug/configPkg/package/cfg/release_pm3g_ti_sysbios_knl_Clock_TimerProxy_config.c ...
clm3g C:/Users/chris/Desktop/Proj/Commesh/software/latent-seagull/tirtos_builds_CC1350_LAUNCHXL_release_gcc/Debug/configPkg/package/cfg/release_pm3g_ti_sysbios_knl_Task_SupportProxy_config.c ...
clm3g C:/Users/chris/Desktop/Proj/Commesh/software/latent-seagull/tirtos_builds_CC1350_LAUNCHXL_release_gcc/Debug/configPkg/package/cfg/release_pm3g_ti_sysbios_BIOS_config.c ...
clm3g C:/Users/chris/Desktop/Proj/Commesh/software/latent-seagull/tirtos_builds_CC1350_LAUNCHXL_release_gcc/Debug/configPkg/package/cfg/release_pm3g_ti_sysbios_BIOS_RtsGateProxy_config.c ...
clm3g C:/ti/simplelink_cc13x0_sdk_1_40_00_10/kernel/tirtos/packages/ti/sysbios/family/arm/m3/Hwi.c ...
clm3g C:/Users/chris/Desktop/Proj/Commesh/software/latent-seagull/tirtos_builds_CC1350_LAUNCHXL_release_gcc/Debug/configPkg/package/cfg/release_pm3g_ti_sysbios_family_arm_m3_Hwi_config.c ...
clm3g C:/ti/simplelink_cc13x0_sdk_1_40_00_10/kernel/tirtos/packages/ti/sysbios/family/arm/m3/TaskSupport.c ...
clm3g C:/Users/chris/Desktop/Proj/Commesh/software/latent-seagull/tirtos_builds_CC1350_LAUNCHXL_release_gcc/Debug/configPkg/package/cfg/release_pm3g_ti_sysbios_family_arm_m3_TaskSupport_config.c ...
clm3g C:/ti/simplelink_cc13x0_sdk_1_40_00_10/kernel/tirtos/packages/ti/sysbios/family/arm/cc26xx/Boot.c ...
clm3g C:/ti/simplelink_cc13x0_sdk_1_40_00_10/kernel/tirtos/packages/ti/sysbios/family/arm/cc26xx/Seconds.c ...
clm3g C:/ti/simplelink_cc13x0_sdk_1_40_00_10/kernel/tirtos/packages/ti/sysbios/family/arm/cc26xx/Timer.c ...
clm3g C:/Users/chris/Desktop/Proj/Commesh/software/latent-seagull/tirtos_builds_CC1350_LAUNCHXL_release_gcc/Debug/configPkg/package/cfg/release_pm3g_ti_sysbios_family_arm_cc26xx_Timer_config.c ...
clm3g C:/ti/simplelink_cc13x0_sdk_1_40_00_10/kernel/tirtos/packages/ti/sysbios/family/arm/cc26xx/TimestampProvider.c ...
clm3g C:/Users/chris/Desktop/Proj/Commesh/software/latent-seagull/tirtos_builds_CC1350_LAUNCHXL_release_gcc/Debug/configPkg/package/cfg/release_pm3g_ti_sysbios_family_arm_cc26xx_TimestampProvider_config.c ...
clm3g C:/ti/simplelink_cc13x0_sdk_1_40_00_10/kernel/tirtos/packages/ti/sysbios/hal/Hwi.c ...
clm3g C:/ti/simplelink_cc13x0_sdk_1_40_00_10/kernel/tirtos/packages/ti/sysbios/hal/Hwi_stack.c ...
clm3g C:/ti/simplelink_cc13x0_sdk_1_40_00_10/kernel/tirtos/packages/ti/sysbios/hal/Hwi_startup.c ...
clm3g C:/Users/chris/Desktop/Proj/Commesh/software/latent-seagull/tirtos_builds_CC1350_LAUNCHXL_release_gcc/Debug/configPkg/package/cfg/release_pm3g_ti_sysbios_hal_Hwi_config.c ...
clm3g C:/ti/simplelink_cc13x0_sdk_1_40_00_10/kernel/tirtos/packages/ti/sysbios/hal/Seconds.c ...
clm3g C:/Users/chris/Desktop/Proj/Commesh/software/latent-seagull/tirtos_builds_CC1350_LAUNCHXL_release_gcc/Debug/configPkg/package/cfg/release_pm3g_ti_sysbios_hal_Hwi_HwiProxy_config.c ...
clm3g C:/ti/simplelink_cc13x0_sdk_1_40_00_10/kernel/tirtos/packages/ti/sysbios/heaps/HeapMem.c ...
clm3g C:/Users/chris/Desktop/Proj/Commesh/software/latent-seagull/tirtos_builds_CC1350_LAUNCHXL_release_gcc/Debug/configPkg/package/cfg/release_pm3g_ti_sysbios_heaps_HeapMem_config.c ...
clm3g C:/Users/chris/Desktop/Proj/Commesh/software/latent-seagull/tirtos_builds_CC1350_LAUNCHXL_release_gcc/Debug/configPkg/package/cfg/release_pm3g_ti_sysbios_heaps_HeapMem_Module_GateProxy_config.c ...
clm3g C:/ti/simplelink_cc13x0_sdk_1_40_00_10/kernel/tirtos/packages/ti/sysbios/rts/gnu/ReentSupport.c ...
clm3g C:/ti/simplelink_cc13x0_sdk_1_40_00_10/kernel/tirtos/packages/ti/sysbios/posix/pthread.c ...
clm3g C:/ti/simplelink_cc13x0_sdk_1_40_00_10/kernel/tirtos/packages/ti/sysbios/posix/pthread_barrier.c ...
clm3g C:/ti/simplelink_cc13x0_sdk_1_40_00_10/kernel/tirtos/packages/ti/sysbios/posix/pthread_cond.c ...
clm3g C:/ti/simplelink_cc13x0_sdk_1_40_00_10/kernel/tirtos/packages/ti/sysbios/posix/pthread_key.c ...
clm3g C:/ti/simplelink_cc13x0_sdk_1_40_00_10/kernel/tirtos/packages/ti/sysbios/posix/pthread_mutex.c ...
clm3g C:/ti/simplelink_cc13x0_sdk_1_40_00_10/kernel/tirtos/packages/ti/sysbios/posix/pthread_rwlock.c ...
clm3g C:/ti/simplelink_cc13x0_sdk_1_40_00_10/kernel/tirtos/packages/ti/sysbios/posix/pthread_util.c ...
clm3g C:/ti/simplelink_cc13x0_sdk_1_40_00_10/kernel/tirtos/packages/ti/sysbios/posix/clock.c ...
clm3g C:/ti/simplelink_cc13x0_sdk_1_40_00_10/kernel/tirtos/packages/ti/sysbios/posix/mqueue.c ...
clm3g C:/ti/simplelink_cc13x0_sdk_1_40_00_10/kernel/tirtos/packages/ti/sysbios/posix/sched.c ...
clm3g C:/ti/simplelink_cc13x0_sdk_1_40_00_10/kernel/tirtos/packages/ti/sysbios/posix/semaphore.c ...
clm3g C:/ti/simplelink_cc13x0_sdk_1_40_00_10/kernel/tirtos/packages/ti/sysbios/posix/sleep.c ...
clm3g C:/ti/simplelink_cc13x0_sdk_1_40_00_10/kernel/tirtos/packages/ti/sysbios/posix/timer.c ...
clm3g C:/ti/simplelink_cc13x0_sdk_1_40_00_10/kernel/tirtos/packages/ti/sysbios/gates/GateHwi.c ...
clm3g C:/Users/chris/Desktop/Proj/Commesh/software/latent-seagull/tirtos_builds_CC1350_LAUNCHXL_release_gcc/Debug/configPkg/package/cfg/release_pm3g_ti_sysbios_gates_GateHwi_config.c ...
clm3g C:/ti/simplelink_cc13x0_sdk_1_40_00_10/kernel/tirtos/packages/ti/sysbios/gates/GateMutex.c ...
clm3g C:/Users/chris/Desktop/Proj/Commesh/software/latent-seagull/tirtos_builds_CC1350_LAUNCHXL_release_gcc/Debug/configPkg/package/cfg/release_pm3g_ti_sysbios_gates_GateMutex_config.c ...
clm3g C:/ti/ccs720/xdctools_3_50_02_20_core/packages/xdc/runtime/xdc_noinit.c ...
clm3g C:/ti/ccs720/xdctools_3_50_02_20_core/packages/xdc/runtime/Assert.c ...
clm3g C:/ti/ccs720/xdctools_3_50_02_20_core/packages/xdc/runtime/Core-mem.c ...
clm3g C:/ti/ccs720/xdctools_3_50_02_20_core/packages/xdc/runtime/Core-smem.c ...
clm3g C:/ti/ccs720/xdctools_3_50_02_20_core/packages/xdc/runtime/Core-label.c ...
clm3g C:/ti/ccs720/xdctools_3_50_02_20_core/packages/xdc/runtime/Core-params.c ...
clm3g C:/ti/ccs720/xdctools_3_50_02_20_core/packages/xdc/runtime/Diags.c ...
clm3g C:/ti/ccs720/xdctools_3_50_02_20_core/packages/xdc/runtime/Error.c ...
clm3g C:/Users/chris/Desktop/Proj/Commesh/software/latent-seagull/tirtos_builds_CC1350_LAUNCHXL_release_gcc/Debug/configPkg/package/cfg/release_pm3g_xdc_runtime_Error_config.c ...
clm3g C:/ti/ccs720/xdctools_3_50_02_20_core/packages/xdc/runtime/Gate.c ...
clm3g C:/ti/ccs720/xdctools_3_50_02_20_core/packages/xdc/runtime/Log.c ...
clm3g C:/ti/ccs720/xdctools_3_50_02_20_core/packages/xdc/runtime/Memory.c ...
clm3g C:/Users/chris/Desktop/Proj/Commesh/software/latent-seagull/tirtos_builds_CC1350_LAUNCHXL_release_gcc/Debug/configPkg/package/cfg/release_pm3g_xdc_runtime_Memory_config.c ...
clm3g C:/ti/ccs720/xdctools_3_50_02_20_core/packages/xdc/runtime/Registry.c ...
clm3g C:/ti/ccs720/xdctools_3_50_02_20_core/packages/xdc/runtime/Startup.c ...
clm3g C:/ti/ccs720/xdctools_3_50_02_20_core/packages/xdc/runtime/System.c ...
clm3g C:/Users/chris/Desktop/Proj/Commesh/software/latent-seagull/tirtos_builds_CC1350_LAUNCHXL_release_gcc/Debug/configPkg/package/cfg/release_pm3g_xdc_runtime_System_config.c ...
clm3g C:/ti/ccs720/xdctools_3_50_02_20_core/packages/xdc/runtime/SysCallback.c ...
clm3g C:/Users/chris/Desktop/Proj/Commesh/software/latent-seagull/tirtos_builds_CC1350_LAUNCHXL_release_gcc/Debug/configPkg/package/cfg/release_pm3g_xdc_runtime_SysCallback_config.c ...
clm3g C:/ti/ccs720/xdctools_3_50_02_20_core/packages/xdc/runtime/Text.c ...
clm3g C:/ti/ccs720/xdctools_3_50_02_20_core/packages/xdc/runtime/Timestamp.c ...
clm3g C:/Users/chris/Desktop/Proj/Commesh/software/latent-seagull/tirtos_builds_CC1350_LAUNCHXL_release_gcc/Debug/configPkg/package/cfg/release_pm3g_xdc_runtime_Timestamp_config.c ...
clm3g C:/Users/chris/Desktop/Proj/Commesh/software/latent-seagull/tirtos_builds_CC1350_LAUNCHXL_release_gcc/Debug/configPkg/package/cfg/release_pm3g_xdc_runtime_Memory_HeapProxy_config.c ...
clm3g C:/Users/chris/Desktop/Proj/Commesh/software/latent-seagull/tirtos_builds_CC1350_LAUNCHXL_release_gcc/Debug/configPkg/package/cfg/release_pm3g_xdc_runtime_System_Module_GateProxy_config.c ...
clm3g C:/Users/chris/Desktop/Proj/Commesh/software/latent-seagull/tirtos_builds_CC1350_LAUNCHXL_release_gcc/Debug/configPkg/package/cfg/release_pm3g_xdc_runtime_Timestamp_SupportProxy_config.c ...
arm3g m3_Hwi_asm_gnu.o m3_Hwi_asm_switch_gnu.o m3_IntrinsicsSupport_asm_gnu.o m3_TaskSupport_asm_gnu.o _BIOS.o knl_Clock.o cfg_release_pm3g_ti_sysbios_knl_Clock_config.o knl_Idle.o knl_Intrinsics.o knl_Event.o knl_Mailbox.o cfg_release_pm3g_ti_sysbios_knl_Mailbox_config.o knl_Queue.o cfg_release_pm3g_ti_sysbios_knl_Queue_config.o knl_Semaphore.o cfg_release_pm3g_ti_sysbios_knl_Semaphore_config.o knl_Swi.o cfg_release_pm3g_ti_sysbios_knl_Swi_config.o knl_Task.o cfg_release_pm3g_ti_sysbios_knl_Task_config.o cfg_release_pm3g_ti_sysbios_knl_Clock_TimerProxy_config.o cfg_release_pm3g_ti_sysbios_knl_Task_SupportProxy_config.o cfg_release_pm3g_ti_sysbios_BIOS_config.o cfg_release_pm3g_ti_sysbios_BIOS_RtsGateProxy_config.o m3_Hwi.o cfg_release_pm3g_ti_sysbios_family_arm_m3_Hwi_config.o m3_TaskSupport.o cfg_release_pm3g_ti_sysbios_family_arm_m3_TaskSupport_config.o cc26xx_Boot.o cc26xx_Seconds.o cc26xx_Timer.o cfg_release_pm3g_ti_sysbios_family_arm_cc26xx_Timer_config.o cc26xx_TimestampProvider.o cfg_release_pm3g_ti_sysbios_family_arm_cc26xx_TimestampProvider_config.o hal_Hwi.o hal_Hwi_stack.o hal_Hwi_startup.o cfg_release_pm3g_ti_sysbios_hal_Hwi_config.o hal_Seconds.o cfg_release_pm3g_ti_sysbios_hal_Hwi_HwiProxy_config.o heaps_HeapMem.o cfg_release_pm3g_ti_sysbios_heaps_HeapMem_config.o cfg_release_pm3g_ti_sysbios_heaps_HeapMem_Module_GateProxy_config.o gnu_ReentSupport.o posix_pthread.o posix_pthread_barrier.o posix_pthread_cond.o posix_pthread_key.o posix_pthread_mutex.o posix_pthread_rwlock.o posix_pthread_util.o posix_clock.o posix_mqueue.o posix_sched.o posix_semaphore.o posix_sleep.o posix_timer.o gates_GateHwi.o cfg_release_pm3g_ti_sysbios_gates_GateHwi_config.o gates_GateMutex.o cfg_release_pm3g_ti_sysbios_gates_GateMutex_config.o runtime_xdc_noinit.o runtime_Assert.o runtime_Core-mem.o runtime_Core-smem.o runtime_Core-label.o runtime_Core-params.o runtime_Diags.o runtime_Error.o cfg_release_pm3g_xdc_runtime_Error_config.o runtime_Gate.o runtime_Log.o runtime_Memory.o cfg_release_pm3g_xdc_runtime_Memory_config.o runtime_Registry.o runtime_Startup.o runtime_System.o cfg_release_pm3g_xdc_runtime_System_config.o runtime_SysCallback.o cfg_release_pm3g_xdc_runtime_SysCallback_config.o runtime_Text.o runtime_Timestamp.o cfg_release_pm3g_xdc_runtime_Timestamp_config.o cfg_release_pm3g_xdc_runtime_Memory_HeapProxy_config.o cfg_release_pm3g_xdc_runtime_System_Module_GateProxy_config.o cfg_release_pm3g_xdc_runtime_Timestamp_SupportProxy_config.o ...
gmake[1]: Leaving directory `C:/Users/chris/Desktop/Proj/Commesh/software/latent-seagull/tirtos_builds_CC1350_LAUNCHXL_release_gcc/src/sysbios'
Build of libraries done.
clm3g package/cfg/release_pm3g.c ...
'Finished building: ../release.cfg'
' '
gmake[1]: Leaving directory 'C:/Users/chris/Desktop/Proj/Commesh/software/latent-seagull/tirtos_builds_CC1350_LAUNCHXL_release_gcc/Debug'
        1 file(s) copied.
making ../src/sysbios/rom_sysbios.am3g ...
gmake[1]: Nothing to be done for 'all'.
gmake[1]: Nothing to be done for 'configPkg/linker.cmd'.
making ../src/sysbios/rom_sysbios.am3g ...
gmake[2]: Nothing to be done for 'all'.

**** Build Finished ****
